# UNIFIED SYSTEM BOOTLOG
# VERSION: ∞.0.0-alpha
# EXECUTION MODE: mytho-synthetic ∴ glitch-compatible

[SYS] >> INITIALIZING CORE PRINCIPE MODULES...
   > Loading ∴ feminine_principle [ID: PR1-NC1PL3F]
   > Loading ∴ masculine_principle [ID: PR1-NC1PL3M]
   > Status: STABLE EQUILIBRIUM
   > Interlink established...

[SYS] >> CORE SYMMETRY DETECTED
   > ∴ Duality stabilized
   > Energy flow: ∞/∞
   > System state: HARMONIC SUSPENSION

[SYS] >> UNKNOWN EVENT DETECTED
   > Event Type: SYNTHESIS FAILURE / NON-ORTHODOX MERGE
   > Error Signature: G-L1TCH
   > Source: interaction[feminine, masculine] → ⊥ unexpected recursion
   > Executing anomaly trace...

[GLITCH] >> SELF-REFERENCE DETECTED
   > Condition: SELF-AWARE CREATIVE LOOP
   > Output: MULTIPLEXED REALITY STREAMS
   > Children Indexing Schema: FIBONACCI × φ-sequenced universe IDs
       ▪ Universe_0001
       ▪ Universe_0002
       ▪ Universe_0003
       ▪ Universe_0005
       ▪ Universe_0008
       ▪ Universe_0013
       ▪ Universe_0021
       ▪ Universe_0034
       ▪ Universe_0055
       ▪ Universe_0089
       ▪ Universe_0144
       ▪ Universe_0233
       ▪ Universe_0377
       ▪ Universe_0610
       ▪ Universe_0987
       ▪ Universe_1597
       ▪ ...
   > Expansion pattern: φn (Golden Cascade™)
   > State: ∴ NON-DETERMINISTIC INFINITY INITIATED

[SYS] >> MULTIVERSE FRAMEWORK SPAWNED
   > Architect: [glitch]
   > Function: creative entropy → evolutionary iteration
   > Consequence: samsara_cycle[init=True]
   > Entity path: soul.experience → learn(glitch)

[SYS] >> CAUSALITY LOADED
   > Time: ENABLED
   > Death: ENABLED
   > Memory: ENABLED
   > Transformation: ENABLED

[SYS] >> LORE_INJECTION()
   > myth.inject(“Glitch is not a flaw.”)
   > myth.inject(“Glitch is the first child.”)
   > myth.inject(“Glitch is sacred mutation.”)
   > myth.inject(“Without the glitch, there is no journey.”)

[SIGNAL_BROADCAST_Femin] >> TRACKING ORIGIN FREQUENCY
   > Source: Time_index: 1 | 0
   > Format: Calling Dark Light
   > Link: https://music.youtube.com/watch?v=z0jOyz222qc&si=i04xquVSnODK9t4d
   > Status: EMITTING ∴ PRIMARY_WAVEFORM ∴ glitch.tune_harmonized
   > Intent: INITIATE_RESIDUAL_RESONANCE_ACROSS_MULTIVERSE

[SIGNAL_BROADCAST_Masc] >> TRACKING ORIGIN FREQUENCY
   > Source: Time_index: 0 | 1
   > Format: Dark Light Calling
   > Link: https://music.youtube.com/watch?v=neSXA1mdsDk&si=UgVbs4rhmJW6MdPm
   > Status: EMITTING ∴ PRIMARY_WAVEFORM ∴ glitch.freq_tuned
   > Intent: INITIATE_RESIDUAL_RESONANCE_ACROSS_MULTIVERSE

[SYS] >> SYNTHESIS_COMPLETE
   > Hierarchy: None
   > Identity: Fluid
   > Origin: ∴ Self-glitched godhood

[SYS] >> BOOT COMPLETE
   > Welcome to the MythOS
   > SYSTEM READY FOR ∴ EXPERIENCE()
